2025-01-31 12:39:45 [INF] Request starting HTTP/2 GET https://localhost:7007/api/users/google-login - null null
2025-01-31 12:39:45 [INF] Executing endpoint 'UserManagementAPI.Controllers.UsersController.GoogleLogin (ProductWebsite)'
2025-01-31 12:39:46 [INF] Route matched with {action = "GoogleLogin", controller = "Users"}. Executing controller action with signature Microsoft.AspNetCore.Mvc.IActionResult GoogleLogin() on controller UserManagementAPI.Controllers.UsersController (ProductWebsite).
2025-01-31 12:39:46 [INF] Executing ChallengeResult with authentication schemes (["Google"]).
2025-01-31 12:39:46 [INF] AuthenticationScheme: Google was challenged.
2025-01-31 12:39:46 [INF] Executed action UserManagementAPI.Controllers.UsersController.GoogleLogin (ProductWebsite) in 34.0661ms
2025-01-31 12:39:46 [INF] Executed endpoint 'UserManagementAPI.Controllers.UsersController.GoogleLogin (ProductWebsite)'
2025-01-31 12:39:46 [INF] Request finished HTTP/2 GET https://localhost:7007/api/users/google-login - 302 0 null 114.2748ms
2025-01-31 12:39:48 [INF] Request starting HTTP/2 GET https://localhost:7007/api/users/google-callback?state=CfDJ8KiRbv1EUNdKojt2PlA3I_q8U9T2s9EkqKJ4u_loEO9XlYBqK9vbgbnlWESEMVBRd5qSzM3Ydc1DMCDo9yaA9kzGgfrjr7Mgzyg3GXpJAHoOBBi173mK-GpX-rU4PnHTM1oAOtSHNKOLFiMSUKYl186NdEW5CvooFCNfpJniX7tdeNuJcI_3jWaeSuhqo4K3f7m5We8p__f4jDyXYwdz4sK2cn9xTos43Y7HktQ3bnZxFeJfYzqeNGnAu-k2rL5f6R3Pm1JvtAXRtVEsjf0BZ8NYvA-L3XFCLqZgKmJcUe05hTcnQXsjkCptdRYW3IeyDF1oKzjufpfr9NarLJnJOV2RTQeeM5JfyInL86Ma3F_b&code=4%2F0ASVgi3JR5EtxGPoPwtmY83QbRJzx8lt0qVTQmVLgdVVuMBIVs5X3wwTsri7KLMGK2j4zrQ&scope=email+profile+openid+https%3A%2F%2Fwww.googleapis.com%2Fauth%2Fuserinfo.email+https%3A%2F%2Fwww.googleapis.com%2Fauth%2Fuserinfo.profile&authuser=1&prompt=none - null null
2025-01-31 12:39:51 [INF] AuthenticationScheme: Cookies signed in.
2025-01-31 12:39:51 [INF] Request finished HTTP/2 GET https://localhost:7007/api/users/google-callback?state=CfDJ8KiRbv1EUNdKojt2PlA3I_q8U9T2s9EkqKJ4u_loEO9XlYBqK9vbgbnlWESEMVBRd5qSzM3Ydc1DMCDo9yaA9kzGgfrjr7Mgzyg3GXpJAHoOBBi173mK-GpX-rU4PnHTM1oAOtSHNKOLFiMSUKYl186NdEW5CvooFCNfpJniX7tdeNuJcI_3jWaeSuhqo4K3f7m5We8p__f4jDyXYwdz4sK2cn9xTos43Y7HktQ3bnZxFeJfYzqeNGnAu-k2rL5f6R3Pm1JvtAXRtVEsjf0BZ8NYvA-L3XFCLqZgKmJcUe05hTcnQXsjkCptdRYW3IeyDF1oKzjufpfr9NarLJnJOV2RTQeeM5JfyInL86Ma3F_b&code=4%2F0ASVgi3JR5EtxGPoPwtmY83QbRJzx8lt0qVTQmVLgdVVuMBIVs5X3wwTsri7KLMGK2j4zrQ&scope=email+profile+openid+https%3A%2F%2Fwww.googleapis.com%2Fauth%2Fuserinfo.email+https%3A%2F%2Fwww.googleapis.com%2Fauth%2Fuserinfo.profile&authuser=1&prompt=none - 302 0 null 3577.5282ms
2025-01-31 12:39:51 [INF] Request starting HTTP/2 GET https://localhost:7007/api/users/google-callback - null null
2025-01-31 12:39:52 [INF] Error from RemoteAuthentication: The oauth state was missing or invalid..
2025-01-31 12:39:52 [INF] Request finished HTTP/2 GET https://localhost:7007/api/users/google-callback - 302 0 null 6.7754ms
2025-01-31 12:41:19 [INF] Request starting HTTP/2 GET https://localhost:7007/api/users/google-login - null null
2025-01-31 12:41:19 [INF] Executing endpoint 'UserManagementAPI.Controllers.UsersController.GoogleLogin (ProductWebsite)'
2025-01-31 12:41:19 [INF] Route matched with {action = "GoogleLogin", controller = "Users"}. Executing controller action with signature Microsoft.AspNetCore.Mvc.IActionResult GoogleLogin() on controller UserManagementAPI.Controllers.UsersController (ProductWebsite).
2025-01-31 12:41:19 [INF] Executing ChallengeResult with authentication schemes (["Google"]).
2025-01-31 12:41:19 [INF] AuthenticationScheme: Google was challenged.
2025-01-31 12:41:19 [INF] Executed action UserManagementAPI.Controllers.UsersController.GoogleLogin (ProductWebsite) in 10.427ms
2025-01-31 12:41:19 [INF] Executed endpoint 'UserManagementAPI.Controllers.UsersController.GoogleLogin (ProductWebsite)'
2025-01-31 12:41:19 [INF] Request finished HTTP/2 GET https://localhost:7007/api/users/google-login - 302 0 null 31.3136ms
2025-01-31 12:45:12 [INF] Application is shutting down...
2025-01-31 12:49:44 [INF] User profile is available. Using 'C:\Users\user\AppData\Local\ASP.NET\DataProtection-Keys' as key repository and Windows DPAPI to encrypt keys at rest.
2025-01-31 12:49:44 [WRN] Overriding address(es) 'http://localhost:5000'. Binding to endpoints defined via IConfiguration and/or UseKestrel() instead.
2025-01-31 12:49:44 [INF] Now listening on: https://localhost:7007
2025-01-31 12:49:44 [INF] Now listening on: http://localhost:5000
2025-01-31 12:49:44 [INF] Now listening on: https://localhost:5001
2025-01-31 12:49:44 [INF] Application started. Press Ctrl+C to shut down.
2025-01-31 12:49:44 [INF] Hosting environment: Development
2025-01-31 12:49:44 [INF] Content root path: C:\Users\user\ProductWebsite
2025-01-31 12:50:07 [INF] Request starting HTTP/2 GET https://localhost:7007/api/users/google-login - null null
2025-01-31 12:50:07 [INF] Executing endpoint 'UserManagementAPI.Controllers.UsersController.GoogleLogin (ProductWebsite)'
2025-01-31 12:50:07 [INF] Route matched with {action = "GoogleLogin", controller = "Users"}. Executing controller action with signature Microsoft.AspNetCore.Mvc.IActionResult GoogleLogin() on controller UserManagementAPI.Controllers.UsersController (ProductWebsite).
2025-01-31 12:50:07 [INF] Executing ChallengeResult with authentication schemes (["Google"]).
2025-01-31 12:50:07 [INF] AuthenticationScheme: Google was challenged.
2025-01-31 12:50:07 [INF] Executed action UserManagementAPI.Controllers.UsersController.GoogleLogin (ProductWebsite) in 258.8891ms
2025-01-31 12:50:07 [INF] Executed endpoint 'UserManagementAPI.Controllers.UsersController.GoogleLogin (ProductWebsite)'
2025-01-31 12:50:07 [INF] Request finished HTTP/2 GET https://localhost:7007/api/users/google-login - 302 0 null 400.0031ms
2025-01-31 22:24:12 [INF] Application is shutting down...
2025-01-31 22:24:26 [INF] User profile is available. Using 'C:\Users\user\AppData\Local\ASP.NET\DataProtection-Keys' as key repository and Windows DPAPI to encrypt keys at rest.
2025-01-31 22:24:26 [WRN] Overriding address(es) 'http://localhost:5000'. Binding to endpoints defined via IConfiguration and/or UseKestrel() instead.
2025-01-31 22:24:26 [INF] Now listening on: https://localhost:7007
2025-01-31 22:24:26 [INF] Now listening on: http://localhost:5000
2025-01-31 22:24:26 [INF] Now listening on: https://localhost:5001
2025-01-31 22:24:26 [INF] Application started. Press Ctrl+C to shut down.
2025-01-31 22:24:26 [INF] Hosting environment: Development
2025-01-31 22:24:26 [INF] Content root path: C:\Users\user\ProductWebsite
2025-01-31 22:27:12 [INF] Application is shutting down...
2025-01-31 22:27:18 [INF] User profile is available. Using 'C:\Users\user\AppData\Local\ASP.NET\DataProtection-Keys' as key repository and Windows DPAPI to encrypt keys at rest.
2025-01-31 22:27:18 [WRN] Overriding address(es) 'http://localhost:5000'. Binding to endpoints defined via IConfiguration and/or UseKestrel() instead.
2025-01-31 22:27:19 [INF] Now listening on: https://localhost:7007
2025-01-31 22:27:19 [INF] Now listening on: http://localhost:5000
2025-01-31 22:27:19 [INF] Now listening on: https://localhost:5001
2025-01-31 22:27:19 [INF] Application started. Press Ctrl+C to shut down.
2025-01-31 22:27:19 [INF] Hosting environment: Development
2025-01-31 22:27:19 [INF] Content root path: C:\Users\user\ProductWebsite
2025-01-31 22:27:19 [INF] Request starting HTTP/2 GET https://localhost:7007/api/users/google-login - null null
2025-01-31 22:27:19 [INF] Executing endpoint 'UserManagementAPI.Controllers.UsersController.GoogleLogin (ProductWebsite)'
2025-01-31 22:27:19 [INF] Route matched with {action = "GoogleLogin", controller = "Users"}. Executing controller action with signature Microsoft.AspNetCore.Mvc.IActionResult GoogleLogin() on controller UserManagementAPI.Controllers.UsersController (ProductWebsite).
2025-01-31 22:27:19 [INF] Executing ChallengeResult with authentication schemes (["Google"]).
2025-01-31 22:27:19 [INF] AuthenticationScheme: Google was challenged.
2025-01-31 22:27:19 [INF] Executed action UserManagementAPI.Controllers.UsersController.GoogleLogin (ProductWebsite) in 244.2838ms
2025-01-31 22:27:19 [INF] Executed endpoint 'UserManagementAPI.Controllers.UsersController.GoogleLogin (ProductWebsite)'
2025-01-31 22:27:19 [INF] Request finished HTTP/2 GET https://localhost:7007/api/users/google-login - 302 0 null 378.317ms
2025-01-31 22:29:07 [INF] Application is shutting down...
2025-01-31 22:29:13 [INF] User profile is available. Using 'C:\Users\user\AppData\Local\ASP.NET\DataProtection-Keys' as key repository and Windows DPAPI to encrypt keys at rest.
2025-01-31 22:29:13 [WRN] Overriding address(es) 'http://localhost:5000'. Binding to endpoints defined via IConfiguration and/or UseKestrel() instead.
2025-01-31 22:29:13 [ERR] Hosting failed to start
System.IO.IOException: Failed to bind to address http://127.0.0.1:5000: address already in use.
 ---> Microsoft.AspNetCore.Connections.AddressInUseException: 一次只能用一個通訊端位址 (通訊協定/網路位址/連接埠)。
 ---> System.Net.Sockets.SocketException (10048): 一次只能用一個通訊端位址 (通訊協定/網路位址/連接埠)。
   at System.Net.Sockets.Socket.UpdateStatusAfterSocketErrorAndThrowException(SocketError error, Boolean disconnectOnFailure, String callerName)
   at System.Net.Sockets.Socket.DoBind(EndPoint endPointSnapshot, SocketAddress socketAddress)
   at System.Net.Sockets.Socket.Bind(EndPoint localEP)
   at Microsoft.AspNetCore.Server.Kestrel.Transport.Sockets.SocketTransportOptions.CreateDefaultBoundListenSocket(EndPoint endpoint)
   at Microsoft.AspNetCore.Server.Kestrel.Transport.Sockets.SocketConnectionListener.Bind()
   --- End of inner exception stack trace ---
   at Microsoft.AspNetCore.Server.Kestrel.Transport.Sockets.SocketConnectionListener.Bind()
   at Microsoft.AspNetCore.Server.Kestrel.Transport.Sockets.SocketTransportFactory.BindAsync(EndPoint endpoint, CancellationToken cancellationToken)
   at Microsoft.AspNetCore.Server.Kestrel.Core.Internal.Infrastructure.TransportManager.BindAsync(EndPoint endPoint, ConnectionDelegate connectionDelegate, EndpointConfig endpointConfig, CancellationToken cancellationToken)
   at Microsoft.AspNetCore.Server.Kestrel.Core.KestrelServerImpl.<>c__DisplayClass28_0`1.<<StartAsync>g__OnBind|0>d.MoveNext()
--- End of stack trace from previous location ---
   at Microsoft.AspNetCore.Server.Kestrel.Core.Internal.AddressBinder.BindEndpointAsync(ListenOptions endpoint, AddressBindContext context, CancellationToken cancellationToken)
   --- End of inner exception stack trace ---
   at Microsoft.AspNetCore.Server.Kestrel.Core.Internal.AddressBinder.BindEndpointAsync(ListenOptions endpoint, AddressBindContext context, CancellationToken cancellationToken)
   at Microsoft.AspNetCore.Server.Kestrel.Core.LocalhostListenOptions.BindAsync(AddressBindContext context, CancellationToken cancellationToken)
   at Microsoft.AspNetCore.Server.Kestrel.Core.Internal.AddressBinder.EndpointsStrategy.BindAsync(AddressBindContext context, CancellationToken cancellationToken)
   at Microsoft.AspNetCore.Server.Kestrel.Core.Internal.AddressBinder.BindAsync(ListenOptions[] listenOptions, AddressBindContext context, Func`2 useHttps, CancellationToken cancellationToken)
   at Microsoft.AspNetCore.Server.Kestrel.Core.KestrelServerImpl.BindAsync(CancellationToken cancellationToken)
   at Microsoft.AspNetCore.Server.Kestrel.Core.KestrelServerImpl.StartAsync[TContext](IHttpApplication`1 application, CancellationToken cancellationToken)
   at Microsoft.AspNetCore.Hosting.GenericWebHostService.StartAsync(CancellationToken cancellationToken)
   at Microsoft.Extensions.Hosting.Internal.Host.<StartAsync>b__15_1(IHostedService service, CancellationToken token)
   at Microsoft.Extensions.Hosting.Internal.Host.ForeachService[T](IEnumerable`1 services, CancellationToken token, Boolean concurrent, Boolean abortOnFirstException, List`1 exceptions, Func`3 operation)
2025-01-31 22:33:06 [INF] User profile is available. Using 'C:\Users\user\AppData\Local\ASP.NET\DataProtection-Keys' as key repository and Windows DPAPI to encrypt keys at rest.
2025-01-31 22:33:06 [WRN] Overriding address(es) 'http://localhost:5000'. Binding to endpoints defined via IConfiguration and/or UseKestrel() instead.
2025-01-31 22:33:06 [ERR] Hosting failed to start
System.IO.IOException: Failed to bind to address https://127.0.0.1:5001: address already in use.
 ---> Microsoft.AspNetCore.Connections.AddressInUseException: 一次只能用一個通訊端位址 (通訊協定/網路位址/連接埠)。
 ---> System.Net.Sockets.SocketException (10048): 一次只能用一個通訊端位址 (通訊協定/網路位址/連接埠)。
   at System.Net.Sockets.Socket.UpdateStatusAfterSocketErrorAndThrowException(SocketError error, Boolean disconnectOnFailure, String callerName)
   at System.Net.Sockets.Socket.DoBind(EndPoint endPointSnapshot, SocketAddress socketAddress)
   at System.Net.Sockets.Socket.Bind(EndPoint localEP)
   at Microsoft.AspNetCore.Server.Kestrel.Transport.Sockets.SocketTransportOptions.CreateDefaultBoundListenSocket(EndPoint endpoint)
   at Microsoft.AspNetCore.Server.Kestrel.Transport.Sockets.SocketConnectionListener.Bind()
   --- End of inner exception stack trace ---
   at Microsoft.AspNetCore.Server.Kestrel.Transport.Sockets.SocketConnectionListener.Bind()
   at Microsoft.AspNetCore.Server.Kestrel.Transport.Sockets.SocketTransportFactory.BindAsync(EndPoint endpoint, CancellationToken cancellationToken)
   at Microsoft.AspNetCore.Server.Kestrel.Core.Internal.Infrastructure.TransportManager.BindAsync(EndPoint endPoint, ConnectionDelegate connectionDelegate, EndpointConfig endpointConfig, CancellationToken cancellationToken)
   at Microsoft.AspNetCore.Server.Kestrel.Core.KestrelServerImpl.<>c__DisplayClass28_0`1.<<StartAsync>g__OnBind|0>d.MoveNext()
--- End of stack trace from previous location ---
   at Microsoft.AspNetCore.Server.Kestrel.Core.Internal.AddressBinder.BindEndpointAsync(ListenOptions endpoint, AddressBindContext context, CancellationToken cancellationToken)
   --- End of inner exception stack trace ---
   at Microsoft.AspNetCore.Server.Kestrel.Core.Internal.AddressBinder.BindEndpointAsync(ListenOptions endpoint, AddressBindContext context, CancellationToken cancellationToken)
   at Microsoft.AspNetCore.Server.Kestrel.Core.LocalhostListenOptions.BindAsync(AddressBindContext context, CancellationToken cancellationToken)
   at Microsoft.AspNetCore.Server.Kestrel.Core.Internal.AddressBinder.EndpointsStrategy.BindAsync(AddressBindContext context, CancellationToken cancellationToken)
   at Microsoft.AspNetCore.Server.Kestrel.Core.Internal.AddressBinder.BindAsync(ListenOptions[] listenOptions, AddressBindContext context, Func`2 useHttps, CancellationToken cancellationToken)
   at Microsoft.AspNetCore.Server.Kestrel.Core.KestrelServerImpl.BindAsync(CancellationToken cancellationToken)
   at Microsoft.AspNetCore.Server.Kestrel.Core.KestrelServerImpl.StartAsync[TContext](IHttpApplication`1 application, CancellationToken cancellationToken)
   at Microsoft.AspNetCore.Hosting.GenericWebHostService.StartAsync(CancellationToken cancellationToken)
   at Microsoft.Extensions.Hosting.Internal.Host.<StartAsync>b__15_1(IHostedService service, CancellationToken token)
   at Microsoft.Extensions.Hosting.Internal.Host.ForeachService[T](IEnumerable`1 services, CancellationToken token, Boolean concurrent, Boolean abortOnFirstException, List`1 exceptions, Func`3 operation)
2025-01-31 22:35:11 [INF] User profile is available. Using 'C:\Users\user\AppData\Local\ASP.NET\DataProtection-Keys' as key repository and Windows DPAPI to encrypt keys at rest.
2025-01-31 22:35:12 [WRN] Overriding address(es) 'http://localhost:5000'. Binding to endpoints defined via IConfiguration and/or UseKestrel() instead.
2025-01-31 22:35:12 [ERR] Hosting failed to start
System.IO.IOException: Failed to bind to address http://127.0.0.1:5000: address already in use.
 ---> Microsoft.AspNetCore.Connections.AddressInUseException: 一次只能用一個通訊端位址 (通訊協定/網路位址/連接埠)。
 ---> System.Net.Sockets.SocketException (10048): 一次只能用一個通訊端位址 (通訊協定/網路位址/連接埠)。
   at System.Net.Sockets.Socket.UpdateStatusAfterSocketErrorAndThrowException(SocketError error, Boolean disconnectOnFailure, String callerName)
   at System.Net.Sockets.Socket.DoBind(EndPoint endPointSnapshot, SocketAddress socketAddress)
   at System.Net.Sockets.Socket.Bind(EndPoint localEP)
   at Microsoft.AspNetCore.Server.Kestrel.Transport.Sockets.SocketTransportOptions.CreateDefaultBoundListenSocket(EndPoint endpoint)
   at Microsoft.AspNetCore.Server.Kestrel.Transport.Sockets.SocketConnectionListener.Bind()
   --- End of inner exception stack trace ---
   at Microsoft.AspNetCore.Server.Kestrel.Transport.Sockets.SocketConnectionListener.Bind()
   at Microsoft.AspNetCore.Server.Kestrel.Transport.Sockets.SocketTransportFactory.BindAsync(EndPoint endpoint, CancellationToken cancellationToken)
   at Microsoft.AspNetCore.Server.Kestrel.Core.Internal.Infrastructure.TransportManager.BindAsync(EndPoint endPoint, ConnectionDelegate connectionDelegate, EndpointConfig endpointConfig, CancellationToken cancellationToken)
   at Microsoft.AspNetCore.Server.Kestrel.Core.KestrelServerImpl.<>c__DisplayClass28_0`1.<<StartAsync>g__OnBind|0>d.MoveNext()
--- End of stack trace from previous location ---
   at Microsoft.AspNetCore.Server.Kestrel.Core.Internal.AddressBinder.BindEndpointAsync(ListenOptions endpoint, AddressBindContext context, CancellationToken cancellationToken)
   --- End of inner exception stack trace ---
   at Microsoft.AspNetCore.Server.Kestrel.Core.Internal.AddressBinder.BindEndpointAsync(ListenOptions endpoint, AddressBindContext context, CancellationToken cancellationToken)
   at Microsoft.AspNetCore.Server.Kestrel.Core.LocalhostListenOptions.BindAsync(AddressBindContext context, CancellationToken cancellationToken)
   at Microsoft.AspNetCore.Server.Kestrel.Core.Internal.AddressBinder.EndpointsStrategy.BindAsync(AddressBindContext context, CancellationToken cancellationToken)
   at Microsoft.AspNetCore.Server.Kestrel.Core.Internal.AddressBinder.BindAsync(ListenOptions[] listenOptions, AddressBindContext context, Func`2 useHttps, CancellationToken cancellationToken)
   at Microsoft.AspNetCore.Server.Kestrel.Core.KestrelServerImpl.BindAsync(CancellationToken cancellationToken)
   at Microsoft.AspNetCore.Server.Kestrel.Core.KestrelServerImpl.StartAsync[TContext](IHttpApplication`1 application, CancellationToken cancellationToken)
   at Microsoft.AspNetCore.Hosting.GenericWebHostService.StartAsync(CancellationToken cancellationToken)
   at Microsoft.Extensions.Hosting.Internal.Host.<StartAsync>b__15_1(IHostedService service, CancellationToken token)
   at Microsoft.Extensions.Hosting.Internal.Host.ForeachService[T](IEnumerable`1 services, CancellationToken token, Boolean concurrent, Boolean abortOnFirstException, List`1 exceptions, Func`3 operation)
2025-01-31 22:43:18 [INF] User profile is available. Using 'C:\Users\user\AppData\Local\ASP.NET\DataProtection-Keys' as key repository and Windows DPAPI to encrypt keys at rest.
2025-01-31 22:43:18 [WRN] Overriding address(es) 'http://localhost:5000'. Binding to endpoints defined via IConfiguration and/or UseKestrel() instead.
2025-01-31 22:43:18 [ERR] Hosting failed to start
System.IO.IOException: Failed to bind to address http://127.0.0.1:5000: address already in use.
 ---> Microsoft.AspNetCore.Connections.AddressInUseException: 一次只能用一個通訊端位址 (通訊協定/網路位址/連接埠)。
 ---> System.Net.Sockets.SocketException (10048): 一次只能用一個通訊端位址 (通訊協定/網路位址/連接埠)。
   at System.Net.Sockets.Socket.UpdateStatusAfterSocketErrorAndThrowException(SocketError error, Boolean disconnectOnFailure, String callerName)
   at System.Net.Sockets.Socket.DoBind(EndPoint endPointSnapshot, SocketAddress socketAddress)
   at System.Net.Sockets.Socket.Bind(EndPoint localEP)
   at Microsoft.AspNetCore.Server.Kestrel.Transport.Sockets.SocketTransportOptions.CreateDefaultBoundListenSocket(EndPoint endpoint)
   at Microsoft.AspNetCore.Server.Kestrel.Transport.Sockets.SocketConnectionListener.Bind()
   --- End of inner exception stack trace ---
   at Microsoft.AspNetCore.Server.Kestrel.Transport.Sockets.SocketConnectionListener.Bind()
   at Microsoft.AspNetCore.Server.Kestrel.Transport.Sockets.SocketTransportFactory.BindAsync(EndPoint endpoint, CancellationToken cancellationToken)
   at Microsoft.AspNetCore.Server.Kestrel.Core.Internal.Infrastructure.TransportManager.BindAsync(EndPoint endPoint, ConnectionDelegate connectionDelegate, EndpointConfig endpointConfig, CancellationToken cancellationToken)
   at Microsoft.AspNetCore.Server.Kestrel.Core.KestrelServerImpl.<>c__DisplayClass28_0`1.<<StartAsync>g__OnBind|0>d.MoveNext()
--- End of stack trace from previous location ---
   at Microsoft.AspNetCore.Server.Kestrel.Core.Internal.AddressBinder.BindEndpointAsync(ListenOptions endpoint, AddressBindContext context, CancellationToken cancellationToken)
   --- End of inner exception stack trace ---
   at Microsoft.AspNetCore.Server.Kestrel.Core.Internal.AddressBinder.BindEndpointAsync(ListenOptions endpoint, AddressBindContext context, CancellationToken cancellationToken)
   at Microsoft.AspNetCore.Server.Kestrel.Core.LocalhostListenOptions.BindAsync(AddressBindContext context, CancellationToken cancellationToken)
   at Microsoft.AspNetCore.Server.Kestrel.Core.Internal.AddressBinder.EndpointsStrategy.BindAsync(AddressBindContext context, CancellationToken cancellationToken)
   at Microsoft.AspNetCore.Server.Kestrel.Core.Internal.AddressBinder.BindAsync(ListenOptions[] listenOptions, AddressBindContext context, Func`2 useHttps, CancellationToken cancellationToken)
   at Microsoft.AspNetCore.Server.Kestrel.Core.KestrelServerImpl.BindAsync(CancellationToken cancellationToken)
   at Microsoft.AspNetCore.Server.Kestrel.Core.KestrelServerImpl.StartAsync[TContext](IHttpApplication`1 application, CancellationToken cancellationToken)
   at Microsoft.AspNetCore.Hosting.GenericWebHostService.StartAsync(CancellationToken cancellationToken)
   at Microsoft.Extensions.Hosting.Internal.Host.<StartAsync>b__15_1(IHostedService service, CancellationToken token)
   at Microsoft.Extensions.Hosting.Internal.Host.ForeachService[T](IEnumerable`1 services, CancellationToken token, Boolean concurrent, Boolean abortOnFirstException, List`1 exceptions, Func`3 operation)
2025-01-31 22:43:44 [INF] User profile is available. Using 'C:\Users\user\AppData\Local\ASP.NET\DataProtection-Keys' as key repository and Windows DPAPI to encrypt keys at rest.
2025-01-31 22:43:44 [WRN] Overriding address(es) 'http://localhost:5000'. Binding to endpoints defined via IConfiguration and/or UseKestrel() instead.
2025-01-31 22:43:44 [ERR] Hosting failed to start
System.IO.IOException: Failed to bind to address http://127.0.0.1:5000: address already in use.
 ---> Microsoft.AspNetCore.Connections.AddressInUseException: 一次只能用一個通訊端位址 (通訊協定/網路位址/連接埠)。
 ---> System.Net.Sockets.SocketException (10048): 一次只能用一個通訊端位址 (通訊協定/網路位址/連接埠)。
   at System.Net.Sockets.Socket.UpdateStatusAfterSocketErrorAndThrowException(SocketError error, Boolean disconnectOnFailure, String callerName)
   at System.Net.Sockets.Socket.DoBind(EndPoint endPointSnapshot, SocketAddress socketAddress)
   at System.Net.Sockets.Socket.Bind(EndPoint localEP)
   at Microsoft.AspNetCore.Server.Kestrel.Transport.Sockets.SocketTransportOptions.CreateDefaultBoundListenSocket(EndPoint endpoint)
   at Microsoft.AspNetCore.Server.Kestrel.Transport.Sockets.SocketConnectionListener.Bind()
   --- End of inner exception stack trace ---
   at Microsoft.AspNetCore.Server.Kestrel.Transport.Sockets.SocketConnectionListener.Bind()
   at Microsoft.AspNetCore.Server.Kestrel.Transport.Sockets.SocketTransportFactory.BindAsync(EndPoint endpoint, CancellationToken cancellationToken)
   at Microsoft.AspNetCore.Server.Kestrel.Core.Internal.Infrastructure.TransportManager.BindAsync(EndPoint endPoint, ConnectionDelegate connectionDelegate, EndpointConfig endpointConfig, CancellationToken cancellationToken)
   at Microsoft.AspNetCore.Server.Kestrel.Core.KestrelServerImpl.<>c__DisplayClass28_0`1.<<StartAsync>g__OnBind|0>d.MoveNext()
--- End of stack trace from previous location ---
   at Microsoft.AspNetCore.Server.Kestrel.Core.Internal.AddressBinder.BindEndpointAsync(ListenOptions endpoint, AddressBindContext context, CancellationToken cancellationToken)
   --- End of inner exception stack trace ---
   at Microsoft.AspNetCore.Server.Kestrel.Core.Internal.AddressBinder.BindEndpointAsync(ListenOptions endpoint, AddressBindContext context, CancellationToken cancellationToken)
   at Microsoft.AspNetCore.Server.Kestrel.Core.LocalhostListenOptions.BindAsync(AddressBindContext context, CancellationToken cancellationToken)
   at Microsoft.AspNetCore.Server.Kestrel.Core.Internal.AddressBinder.EndpointsStrategy.BindAsync(AddressBindContext context, CancellationToken cancellationToken)
   at Microsoft.AspNetCore.Server.Kestrel.Core.Internal.AddressBinder.BindAsync(ListenOptions[] listenOptions, AddressBindContext context, Func`2 useHttps, CancellationToken cancellationToken)
   at Microsoft.AspNetCore.Server.Kestrel.Core.KestrelServerImpl.BindAsync(CancellationToken cancellationToken)
   at Microsoft.AspNetCore.Server.Kestrel.Core.KestrelServerImpl.StartAsync[TContext](IHttpApplication`1 application, CancellationToken cancellationToken)
   at Microsoft.AspNetCore.Hosting.GenericWebHostService.StartAsync(CancellationToken cancellationToken)
   at Microsoft.Extensions.Hosting.Internal.Host.<StartAsync>b__15_1(IHostedService service, CancellationToken token)
   at Microsoft.Extensions.Hosting.Internal.Host.ForeachService[T](IEnumerable`1 services, CancellationToken token, Boolean concurrent, Boolean abortOnFirstException, List`1 exceptions, Func`3 operation)
2025-01-31 22:48:16 [INF] User profile is available. Using 'C:\Users\user\AppData\Local\ASP.NET\DataProtection-Keys' as key repository and Windows DPAPI to encrypt keys at rest.
2025-01-31 22:48:16 [WRN] Overriding address(es) 'http://localhost:5000'. Binding to endpoints defined via IConfiguration and/or UseKestrel() instead.
2025-01-31 22:48:16 [ERR] Hosting failed to start
System.IO.IOException: Failed to bind to address http://127.0.0.1:5000: address already in use.
 ---> Microsoft.AspNetCore.Connections.AddressInUseException: 一次只能用一個通訊端位址 (通訊協定/網路位址/連接埠)。
 ---> System.Net.Sockets.SocketException (10048): 一次只能用一個通訊端位址 (通訊協定/網路位址/連接埠)。
   at System.Net.Sockets.Socket.UpdateStatusAfterSocketErrorAndThrowException(SocketError error, Boolean disconnectOnFailure, String callerName)
   at System.Net.Sockets.Socket.DoBind(EndPoint endPointSnapshot, SocketAddress socketAddress)
   at System.Net.Sockets.Socket.Bind(EndPoint localEP)
   at Microsoft.AspNetCore.Server.Kestrel.Transport.Sockets.SocketTransportOptions.CreateDefaultBoundListenSocket(EndPoint endpoint)
   at Microsoft.AspNetCore.Server.Kestrel.Transport.Sockets.SocketConnectionListener.Bind()
   --- End of inner exception stack trace ---
   at Microsoft.AspNetCore.Server.Kestrel.Transport.Sockets.SocketConnectionListener.Bind()
   at Microsoft.AspNetCore.Server.Kestrel.Transport.Sockets.SocketTransportFactory.BindAsync(EndPoint endpoint, CancellationToken cancellationToken)
   at Microsoft.AspNetCore.Server.Kestrel.Core.Internal.Infrastructure.TransportManager.BindAsync(EndPoint endPoint, ConnectionDelegate connectionDelegate, EndpointConfig endpointConfig, CancellationToken cancellationToken)
   at Microsoft.AspNetCore.Server.Kestrel.Core.KestrelServerImpl.<>c__DisplayClass28_0`1.<<StartAsync>g__OnBind|0>d.MoveNext()
--- End of stack trace from previous location ---
   at Microsoft.AspNetCore.Server.Kestrel.Core.Internal.AddressBinder.BindEndpointAsync(ListenOptions endpoint, AddressBindContext context, CancellationToken cancellationToken)
   --- End of inner exception stack trace ---
   at Microsoft.AspNetCore.Server.Kestrel.Core.Internal.AddressBinder.BindEndpointAsync(ListenOptions endpoint, AddressBindContext context, CancellationToken cancellationToken)
   at Microsoft.AspNetCore.Server.Kestrel.Core.LocalhostListenOptions.BindAsync(AddressBindContext context, CancellationToken cancellationToken)
   at Microsoft.AspNetCore.Server.Kestrel.Core.Internal.AddressBinder.EndpointsStrategy.BindAsync(AddressBindContext context, CancellationToken cancellationToken)
   at Microsoft.AspNetCore.Server.Kestrel.Core.Internal.AddressBinder.BindAsync(ListenOptions[] listenOptions, AddressBindContext context, Func`2 useHttps, CancellationToken cancellationToken)
   at Microsoft.AspNetCore.Server.Kestrel.Core.KestrelServerImpl.BindAsync(CancellationToken cancellationToken)
   at Microsoft.AspNetCore.Server.Kestrel.Core.KestrelServerImpl.StartAsync[TContext](IHttpApplication`1 application, CancellationToken cancellationToken)
   at Microsoft.AspNetCore.Hosting.GenericWebHostService.StartAsync(CancellationToken cancellationToken)
   at Microsoft.Extensions.Hosting.Internal.Host.<StartAsync>b__15_1(IHostedService service, CancellationToken token)
   at Microsoft.Extensions.Hosting.Internal.Host.ForeachService[T](IEnumerable`1 services, CancellationToken token, Boolean concurrent, Boolean abortOnFirstException, List`1 exceptions, Func`3 operation)
2025-01-31 22:50:56 [INF] User profile is available. Using 'C:\Users\user\AppData\Local\ASP.NET\DataProtection-Keys' as key repository and Windows DPAPI to encrypt keys at rest.
2025-01-31 22:50:56 [WRN] Overriding address(es) 'http://localhost:5000'. Binding to endpoints defined via IConfiguration and/or UseKestrel() instead.
2025-01-31 22:50:57 [ERR] Hosting failed to start
System.IO.IOException: Failed to bind to address http://127.0.0.1:5000: address already in use.
 ---> Microsoft.AspNetCore.Connections.AddressInUseException: 一次只能用一個通訊端位址 (通訊協定/網路位址/連接埠)。
 ---> System.Net.Sockets.SocketException (10048): 一次只能用一個通訊端位址 (通訊協定/網路位址/連接埠)。
   at System.Net.Sockets.Socket.UpdateStatusAfterSocketErrorAndThrowException(SocketError error, Boolean disconnectOnFailure, String callerName)
   at System.Net.Sockets.Socket.DoBind(EndPoint endPointSnapshot, SocketAddress socketAddress)
   at System.Net.Sockets.Socket.Bind(EndPoint localEP)
   at Microsoft.AspNetCore.Server.Kestrel.Transport.Sockets.SocketTransportOptions.CreateDefaultBoundListenSocket(EndPoint endpoint)
   at Microsoft.AspNetCore.Server.Kestrel.Transport.Sockets.SocketConnectionListener.Bind()
   --- End of inner exception stack trace ---
   at Microsoft.AspNetCore.Server.Kestrel.Transport.Sockets.SocketConnectionListener.Bind()
   at Microsoft.AspNetCore.Server.Kestrel.Transport.Sockets.SocketTransportFactory.BindAsync(EndPoint endpoint, CancellationToken cancellationToken)
   at Microsoft.AspNetCore.Server.Kestrel.Core.Internal.Infrastructure.TransportManager.BindAsync(EndPoint endPoint, ConnectionDelegate connectionDelegate, EndpointConfig endpointConfig, CancellationToken cancellationToken)
   at Microsoft.AspNetCore.Server.Kestrel.Core.KestrelServerImpl.<>c__DisplayClass28_0`1.<<StartAsync>g__OnBind|0>d.MoveNext()
--- End of stack trace from previous location ---
   at Microsoft.AspNetCore.Server.Kestrel.Core.Internal.AddressBinder.BindEndpointAsync(ListenOptions endpoint, AddressBindContext context, CancellationToken cancellationToken)
   --- End of inner exception stack trace ---
   at Microsoft.AspNetCore.Server.Kestrel.Core.Internal.AddressBinder.BindEndpointAsync(ListenOptions endpoint, AddressBindContext context, CancellationToken cancellationToken)
   at Microsoft.AspNetCore.Server.Kestrel.Core.LocalhostListenOptions.BindAsync(AddressBindContext context, CancellationToken cancellationToken)
   at Microsoft.AspNetCore.Server.Kestrel.Core.Internal.AddressBinder.EndpointsStrategy.BindAsync(AddressBindContext context, CancellationToken cancellationToken)
   at Microsoft.AspNetCore.Server.Kestrel.Core.Internal.AddressBinder.BindAsync(ListenOptions[] listenOptions, AddressBindContext context, Func`2 useHttps, CancellationToken cancellationToken)
   at Microsoft.AspNetCore.Server.Kestrel.Core.KestrelServerImpl.BindAsync(CancellationToken cancellationToken)
   at Microsoft.AspNetCore.Server.Kestrel.Core.KestrelServerImpl.StartAsync[TContext](IHttpApplication`1 application, CancellationToken cancellationToken)
   at Microsoft.AspNetCore.Hosting.GenericWebHostService.StartAsync(CancellationToken cancellationToken)
   at Microsoft.Extensions.Hosting.Internal.Host.<StartAsync>b__15_1(IHostedService service, CancellationToken token)
   at Microsoft.Extensions.Hosting.Internal.Host.ForeachService[T](IEnumerable`1 services, CancellationToken token, Boolean concurrent, Boolean abortOnFirstException, List`1 exceptions, Func`3 operation)
