2025-02-01 13:31:40 [INF] User profile is available. Using 'C:\Users\user\AppData\Local\ASP.NET\DataProtection-Keys' as key repository and Windows DPAPI to encrypt keys at rest.
2025-02-01 13:31:40 [WRN] Overriding address(es) 'http://localhost:5000'. Binding to endpoints defined via IConfiguration and/or UseKestrel() instead.
2025-02-01 13:31:40 [ERR] Hosting failed to start
System.IO.IOException: Failed to bind to address http://127.0.0.1:5000: address already in use.
 ---> Microsoft.AspNetCore.Connections.AddressInUseException: 一次只能用一個通訊端位址 (通訊協定/網路位址/連接埠)。
 ---> System.Net.Sockets.SocketException (10048): 一次只能用一個通訊端位址 (通訊協定/網路位址/連接埠)。
   at System.Net.Sockets.Socket.UpdateStatusAfterSocketErrorAndThrowException(SocketError error, Boolean disconnectOnFailure, String callerName)
   at System.Net.Sockets.Socket.DoBind(EndPoint endPointSnapshot, SocketAddress socketAddress)
   at System.Net.Sockets.Socket.Bind(EndPoint localEP)
   at Microsoft.AspNetCore.Server.Kestrel.Transport.Sockets.SocketTransportOptions.CreateDefaultBoundListenSocket(EndPoint endpoint)
   at Microsoft.AspNetCore.Server.Kestrel.Transport.Sockets.SocketConnectionListener.Bind()
   --- End of inner exception stack trace ---
   at Microsoft.AspNetCore.Server.Kestrel.Transport.Sockets.SocketConnectionListener.Bind()
   at Microsoft.AspNetCore.Server.Kestrel.Transport.Sockets.SocketTransportFactory.BindAsync(EndPoint endpoint, CancellationToken cancellationToken)
   at Microsoft.AspNetCore.Server.Kestrel.Core.Internal.Infrastructure.TransportManager.BindAsync(EndPoint endPoint, ConnectionDelegate connectionDelegate, EndpointConfig endpointConfig, CancellationToken cancellationToken)
   at Microsoft.AspNetCore.Server.Kestrel.Core.KestrelServerImpl.<>c__DisplayClass28_0`1.<<StartAsync>g__OnBind|0>d.MoveNext()
--- End of stack trace from previous location ---
   at Microsoft.AspNetCore.Server.Kestrel.Core.Internal.AddressBinder.BindEndpointAsync(ListenOptions endpoint, AddressBindContext context, CancellationToken cancellationToken)
   --- End of inner exception stack trace ---
   at Microsoft.AspNetCore.Server.Kestrel.Core.Internal.AddressBinder.BindEndpointAsync(ListenOptions endpoint, AddressBindContext context, CancellationToken cancellationToken)
   at Microsoft.AspNetCore.Server.Kestrel.Core.LocalhostListenOptions.BindAsync(AddressBindContext context, CancellationToken cancellationToken)
   at Microsoft.AspNetCore.Server.Kestrel.Core.Internal.AddressBinder.EndpointsStrategy.BindAsync(AddressBindContext context, CancellationToken cancellationToken)
   at Microsoft.AspNetCore.Server.Kestrel.Core.Internal.AddressBinder.BindAsync(ListenOptions[] listenOptions, AddressBindContext context, Func`2 useHttps, CancellationToken cancellationToken)
   at Microsoft.AspNetCore.Server.Kestrel.Core.KestrelServerImpl.BindAsync(CancellationToken cancellationToken)
   at Microsoft.AspNetCore.Server.Kestrel.Core.KestrelServerImpl.StartAsync[TContext](IHttpApplication`1 application, CancellationToken cancellationToken)
   at Microsoft.AspNetCore.Hosting.GenericWebHostService.StartAsync(CancellationToken cancellationToken)
   at Microsoft.Extensions.Hosting.Internal.Host.<StartAsync>b__15_1(IHostedService service, CancellationToken token)
   at Microsoft.Extensions.Hosting.Internal.Host.ForeachService[T](IEnumerable`1 services, CancellationToken token, Boolean concurrent, Boolean abortOnFirstException, List`1 exceptions, Func`3 operation)
2025-02-01 13:51:51 [INF] User profile is available. Using 'C:\Users\user\AppData\Local\ASP.NET\DataProtection-Keys' as key repository and Windows DPAPI to encrypt keys at rest.
2025-02-01 13:51:51 [WRN] Overriding address(es) 'http://localhost:5000'. Binding to endpoints defined via IConfiguration and/or UseKestrel() instead.
2025-02-01 13:51:51 [ERR] Hosting failed to start
System.IO.IOException: Failed to bind to address https://127.0.0.1:7007: address already in use.
 ---> Microsoft.AspNetCore.Connections.AddressInUseException: 一次只能用一個通訊端位址 (通訊協定/網路位址/連接埠)。
 ---> System.Net.Sockets.SocketException (10048): 一次只能用一個通訊端位址 (通訊協定/網路位址/連接埠)。
   at System.Net.Sockets.Socket.UpdateStatusAfterSocketErrorAndThrowException(SocketError error, Boolean disconnectOnFailure, String callerName)
   at System.Net.Sockets.Socket.DoBind(EndPoint endPointSnapshot, SocketAddress socketAddress)
   at System.Net.Sockets.Socket.Bind(EndPoint localEP)
   at Microsoft.AspNetCore.Server.Kestrel.Transport.Sockets.SocketTransportOptions.CreateDefaultBoundListenSocket(EndPoint endpoint)
   at Microsoft.AspNetCore.Server.Kestrel.Transport.Sockets.SocketConnectionListener.Bind()
   --- End of inner exception stack trace ---
   at Microsoft.AspNetCore.Server.Kestrel.Transport.Sockets.SocketConnectionListener.Bind()
   at Microsoft.AspNetCore.Server.Kestrel.Transport.Sockets.SocketTransportFactory.BindAsync(EndPoint endpoint, CancellationToken cancellationToken)
   at Microsoft.AspNetCore.Server.Kestrel.Core.Internal.Infrastructure.TransportManager.BindAsync(EndPoint endPoint, ConnectionDelegate connectionDelegate, EndpointConfig endpointConfig, CancellationToken cancellationToken)
   at Microsoft.AspNetCore.Server.Kestrel.Core.KestrelServerImpl.<>c__DisplayClass28_0`1.<<StartAsync>g__OnBind|0>d.MoveNext()
--- End of stack trace from previous location ---
   at Microsoft.AspNetCore.Server.Kestrel.Core.Internal.AddressBinder.BindEndpointAsync(ListenOptions endpoint, AddressBindContext context, CancellationToken cancellationToken)
   --- End of inner exception stack trace ---
   at Microsoft.AspNetCore.Server.Kestrel.Core.Internal.AddressBinder.BindEndpointAsync(ListenOptions endpoint, AddressBindContext context, CancellationToken cancellationToken)
   at Microsoft.AspNetCore.Server.Kestrel.Core.LocalhostListenOptions.BindAsync(AddressBindContext context, CancellationToken cancellationToken)
   at Microsoft.AspNetCore.Server.Kestrel.Core.Internal.AddressBinder.EndpointsStrategy.BindAsync(AddressBindContext context, CancellationToken cancellationToken)
   at Microsoft.AspNetCore.Server.Kestrel.Core.Internal.AddressBinder.BindAsync(ListenOptions[] listenOptions, AddressBindContext context, Func`2 useHttps, CancellationToken cancellationToken)
   at Microsoft.AspNetCore.Server.Kestrel.Core.KestrelServerImpl.BindAsync(CancellationToken cancellationToken)
   at Microsoft.AspNetCore.Server.Kestrel.Core.KestrelServerImpl.StartAsync[TContext](IHttpApplication`1 application, CancellationToken cancellationToken)
   at Microsoft.AspNetCore.Hosting.GenericWebHostService.StartAsync(CancellationToken cancellationToken)
   at Microsoft.Extensions.Hosting.Internal.Host.<StartAsync>b__15_1(IHostedService service, CancellationToken token)
   at Microsoft.Extensions.Hosting.Internal.Host.ForeachService[T](IEnumerable`1 services, CancellationToken token, Boolean concurrent, Boolean abortOnFirstException, List`1 exceptions, Func`3 operation)
2025-02-01 13:55:23 [INF] User profile is available. Using 'C:\Users\user\AppData\Local\ASP.NET\DataProtection-Keys' as key repository and Windows DPAPI to encrypt keys at rest.
2025-02-01 13:55:23 [WRN] Overriding address(es) 'http://localhost:5000'. Binding to endpoints defined via IConfiguration and/or UseKestrel() instead.
2025-02-01 13:55:23 [ERR] Hosting failed to start
System.IO.IOException: Failed to bind to address http://127.0.0.1:5000: address already in use.
 ---> Microsoft.AspNetCore.Connections.AddressInUseException: 一次只能用一個通訊端位址 (通訊協定/網路位址/連接埠)。
 ---> System.Net.Sockets.SocketException (10048): 一次只能用一個通訊端位址 (通訊協定/網路位址/連接埠)。
   at System.Net.Sockets.Socket.UpdateStatusAfterSocketErrorAndThrowException(SocketError error, Boolean disconnectOnFailure, String callerName)
   at System.Net.Sockets.Socket.DoBind(EndPoint endPointSnapshot, SocketAddress socketAddress)
   at System.Net.Sockets.Socket.Bind(EndPoint localEP)
   at Microsoft.AspNetCore.Server.Kestrel.Transport.Sockets.SocketTransportOptions.CreateDefaultBoundListenSocket(EndPoint endpoint)
   at Microsoft.AspNetCore.Server.Kestrel.Transport.Sockets.SocketConnectionListener.Bind()
   --- End of inner exception stack trace ---
   at Microsoft.AspNetCore.Server.Kestrel.Transport.Sockets.SocketConnectionListener.Bind()
   at Microsoft.AspNetCore.Server.Kestrel.Transport.Sockets.SocketTransportFactory.BindAsync(EndPoint endpoint, CancellationToken cancellationToken)
   at Microsoft.AspNetCore.Server.Kestrel.Core.Internal.Infrastructure.TransportManager.BindAsync(EndPoint endPoint, ConnectionDelegate connectionDelegate, EndpointConfig endpointConfig, CancellationToken cancellationToken)
   at Microsoft.AspNetCore.Server.Kestrel.Core.KestrelServerImpl.<>c__DisplayClass28_0`1.<<StartAsync>g__OnBind|0>d.MoveNext()
--- End of stack trace from previous location ---
   at Microsoft.AspNetCore.Server.Kestrel.Core.Internal.AddressBinder.BindEndpointAsync(ListenOptions endpoint, AddressBindContext context, CancellationToken cancellationToken)
   --- End of inner exception stack trace ---
   at Microsoft.AspNetCore.Server.Kestrel.Core.Internal.AddressBinder.BindEndpointAsync(ListenOptions endpoint, AddressBindContext context, CancellationToken cancellationToken)
   at Microsoft.AspNetCore.Server.Kestrel.Core.LocalhostListenOptions.BindAsync(AddressBindContext context, CancellationToken cancellationToken)
   at Microsoft.AspNetCore.Server.Kestrel.Core.Internal.AddressBinder.EndpointsStrategy.BindAsync(AddressBindContext context, CancellationToken cancellationToken)
   at Microsoft.AspNetCore.Server.Kestrel.Core.Internal.AddressBinder.BindAsync(ListenOptions[] listenOptions, AddressBindContext context, Func`2 useHttps, CancellationToken cancellationToken)
   at Microsoft.AspNetCore.Server.Kestrel.Core.KestrelServerImpl.BindAsync(CancellationToken cancellationToken)
   at Microsoft.AspNetCore.Server.Kestrel.Core.KestrelServerImpl.StartAsync[TContext](IHttpApplication`1 application, CancellationToken cancellationToken)
   at Microsoft.AspNetCore.Hosting.GenericWebHostService.StartAsync(CancellationToken cancellationToken)
   at Microsoft.Extensions.Hosting.Internal.Host.<StartAsync>b__15_1(IHostedService service, CancellationToken token)
   at Microsoft.Extensions.Hosting.Internal.Host.ForeachService[T](IEnumerable`1 services, CancellationToken token, Boolean concurrent, Boolean abortOnFirstException, List`1 exceptions, Func`3 operation)
2025-02-01 14:00:26 [INF] User profile is available. Using 'C:\Users\user\AppData\Local\ASP.NET\DataProtection-Keys' as key repository and Windows DPAPI to encrypt keys at rest.
2025-02-01 14:00:26 [WRN] Overriding address(es) 'https://localhost:7007'. Binding to endpoints defined via IConfiguration and/or UseKestrel() instead.
2025-02-01 14:00:26 [ERR] Hosting failed to start
System.IO.IOException: Failed to bind to address https://127.0.0.1:7007: address already in use.
 ---> Microsoft.AspNetCore.Connections.AddressInUseException: 一次只能用一個通訊端位址 (通訊協定/網路位址/連接埠)。
 ---> System.Net.Sockets.SocketException (10048): 一次只能用一個通訊端位址 (通訊協定/網路位址/連接埠)。
   at System.Net.Sockets.Socket.UpdateStatusAfterSocketErrorAndThrowException(SocketError error, Boolean disconnectOnFailure, String callerName)
   at System.Net.Sockets.Socket.DoBind(EndPoint endPointSnapshot, SocketAddress socketAddress)
   at System.Net.Sockets.Socket.Bind(EndPoint localEP)
   at Microsoft.AspNetCore.Server.Kestrel.Transport.Sockets.SocketTransportOptions.CreateDefaultBoundListenSocket(EndPoint endpoint)
   at Microsoft.AspNetCore.Server.Kestrel.Transport.Sockets.SocketConnectionListener.Bind()
   --- End of inner exception stack trace ---
   at Microsoft.AspNetCore.Server.Kestrel.Transport.Sockets.SocketConnectionListener.Bind()
   at Microsoft.AspNetCore.Server.Kestrel.Transport.Sockets.SocketTransportFactory.BindAsync(EndPoint endpoint, CancellationToken cancellationToken)
   at Microsoft.AspNetCore.Server.Kestrel.Core.Internal.Infrastructure.TransportManager.BindAsync(EndPoint endPoint, ConnectionDelegate connectionDelegate, EndpointConfig endpointConfig, CancellationToken cancellationToken)
   at Microsoft.AspNetCore.Server.Kestrel.Core.KestrelServerImpl.<>c__DisplayClass28_0`1.<<StartAsync>g__OnBind|0>d.MoveNext()
--- End of stack trace from previous location ---
   at Microsoft.AspNetCore.Server.Kestrel.Core.Internal.AddressBinder.BindEndpointAsync(ListenOptions endpoint, AddressBindContext context, CancellationToken cancellationToken)
   --- End of inner exception stack trace ---
   at Microsoft.AspNetCore.Server.Kestrel.Core.Internal.AddressBinder.BindEndpointAsync(ListenOptions endpoint, AddressBindContext context, CancellationToken cancellationToken)
   at Microsoft.AspNetCore.Server.Kestrel.Core.LocalhostListenOptions.BindAsync(AddressBindContext context, CancellationToken cancellationToken)
   at Microsoft.AspNetCore.Server.Kestrel.Core.Internal.AddressBinder.EndpointsStrategy.BindAsync(AddressBindContext context, CancellationToken cancellationToken)
   at Microsoft.AspNetCore.Server.Kestrel.Core.Internal.AddressBinder.BindAsync(ListenOptions[] listenOptions, AddressBindContext context, Func`2 useHttps, CancellationToken cancellationToken)
   at Microsoft.AspNetCore.Server.Kestrel.Core.KestrelServerImpl.BindAsync(CancellationToken cancellationToken)
   at Microsoft.AspNetCore.Server.Kestrel.Core.KestrelServerImpl.StartAsync[TContext](IHttpApplication`1 application, CancellationToken cancellationToken)
   at Microsoft.AspNetCore.Hosting.GenericWebHostService.StartAsync(CancellationToken cancellationToken)
   at Microsoft.Extensions.Hosting.Internal.Host.<StartAsync>b__15_1(IHostedService service, CancellationToken token)
   at Microsoft.Extensions.Hosting.Internal.Host.ForeachService[T](IEnumerable`1 services, CancellationToken token, Boolean concurrent, Boolean abortOnFirstException, List`1 exceptions, Func`3 operation)
2025-02-01 14:04:06 [INF] User profile is available. Using 'C:\Users\user\AppData\Local\ASP.NET\DataProtection-Keys' as key repository and Windows DPAPI to encrypt keys at rest.
2025-02-01 14:04:06 [WRN] Overriding address(es) 'https://localhost:7007'. Binding to endpoints defined via IConfiguration and/or UseKestrel() instead.
2025-02-01 14:04:06 [ERR] Hosting failed to start
System.IO.IOException: Failed to bind to address https://127.0.0.1:7007: address already in use.
 ---> Microsoft.AspNetCore.Connections.AddressInUseException: 一次只能用一個通訊端位址 (通訊協定/網路位址/連接埠)。
 ---> System.Net.Sockets.SocketException (10048): 一次只能用一個通訊端位址 (通訊協定/網路位址/連接埠)。
   at System.Net.Sockets.Socket.UpdateStatusAfterSocketErrorAndThrowException(SocketError error, Boolean disconnectOnFailure, String callerName)
   at System.Net.Sockets.Socket.DoBind(EndPoint endPointSnapshot, SocketAddress socketAddress)
   at System.Net.Sockets.Socket.Bind(EndPoint localEP)
   at Microsoft.AspNetCore.Server.Kestrel.Transport.Sockets.SocketTransportOptions.CreateDefaultBoundListenSocket(EndPoint endpoint)
   at Microsoft.AspNetCore.Server.Kestrel.Transport.Sockets.SocketConnectionListener.Bind()
   --- End of inner exception stack trace ---
   at Microsoft.AspNetCore.Server.Kestrel.Transport.Sockets.SocketConnectionListener.Bind()
   at Microsoft.AspNetCore.Server.Kestrel.Transport.Sockets.SocketTransportFactory.BindAsync(EndPoint endpoint, CancellationToken cancellationToken)
   at Microsoft.AspNetCore.Server.Kestrel.Core.Internal.Infrastructure.TransportManager.BindAsync(EndPoint endPoint, ConnectionDelegate connectionDelegate, EndpointConfig endpointConfig, CancellationToken cancellationToken)
   at Microsoft.AspNetCore.Server.Kestrel.Core.KestrelServerImpl.<>c__DisplayClass28_0`1.<<StartAsync>g__OnBind|0>d.MoveNext()
--- End of stack trace from previous location ---
   at Microsoft.AspNetCore.Server.Kestrel.Core.Internal.AddressBinder.BindEndpointAsync(ListenOptions endpoint, AddressBindContext context, CancellationToken cancellationToken)
   --- End of inner exception stack trace ---
   at Microsoft.AspNetCore.Server.Kestrel.Core.Internal.AddressBinder.BindEndpointAsync(ListenOptions endpoint, AddressBindContext context, CancellationToken cancellationToken)
   at Microsoft.AspNetCore.Server.Kestrel.Core.LocalhostListenOptions.BindAsync(AddressBindContext context, CancellationToken cancellationToken)
   at Microsoft.AspNetCore.Server.Kestrel.Core.Internal.AddressBinder.EndpointsStrategy.BindAsync(AddressBindContext context, CancellationToken cancellationToken)
   at Microsoft.AspNetCore.Server.Kestrel.Core.Internal.AddressBinder.BindAsync(ListenOptions[] listenOptions, AddressBindContext context, Func`2 useHttps, CancellationToken cancellationToken)
   at Microsoft.AspNetCore.Server.Kestrel.Core.KestrelServerImpl.BindAsync(CancellationToken cancellationToken)
   at Microsoft.AspNetCore.Server.Kestrel.Core.KestrelServerImpl.StartAsync[TContext](IHttpApplication`1 application, CancellationToken cancellationToken)
   at Microsoft.AspNetCore.Hosting.GenericWebHostService.StartAsync(CancellationToken cancellationToken)
   at Microsoft.Extensions.Hosting.Internal.Host.<StartAsync>b__15_1(IHostedService service, CancellationToken token)
   at Microsoft.Extensions.Hosting.Internal.Host.ForeachService[T](IEnumerable`1 services, CancellationToken token, Boolean concurrent, Boolean abortOnFirstException, List`1 exceptions, Func`3 operation)
2025-02-01 21:57:23 [INF] User profile is available. Using 'C:\Users\user\AppData\Local\ASP.NET\DataProtection-Keys' as key repository and Windows DPAPI to encrypt keys at rest.
2025-02-01 21:57:24 [WRN] Overriding address(es) 'https://localhost:7007'. Binding to endpoints defined via IConfiguration and/or UseKestrel() instead.
2025-02-01 21:57:24 [ERR] Hosting failed to start
System.IO.IOException: Failed to bind to address https://127.0.0.1:7007: address already in use.
 ---> Microsoft.AspNetCore.Connections.AddressInUseException: 一次只能用一個通訊端位址 (通訊協定/網路位址/連接埠)。
 ---> System.Net.Sockets.SocketException (10048): 一次只能用一個通訊端位址 (通訊協定/網路位址/連接埠)。
   at System.Net.Sockets.Socket.UpdateStatusAfterSocketErrorAndThrowException(SocketError error, Boolean disconnectOnFailure, String callerName)
   at System.Net.Sockets.Socket.DoBind(EndPoint endPointSnapshot, SocketAddress socketAddress)
   at System.Net.Sockets.Socket.Bind(EndPoint localEP)
   at Microsoft.AspNetCore.Server.Kestrel.Transport.Sockets.SocketTransportOptions.CreateDefaultBoundListenSocket(EndPoint endpoint)
   at Microsoft.AspNetCore.Server.Kestrel.Transport.Sockets.SocketConnectionListener.Bind()
   --- End of inner exception stack trace ---
   at Microsoft.AspNetCore.Server.Kestrel.Transport.Sockets.SocketConnectionListener.Bind()
   at Microsoft.AspNetCore.Server.Kestrel.Transport.Sockets.SocketTransportFactory.BindAsync(EndPoint endpoint, CancellationToken cancellationToken)
   at Microsoft.AspNetCore.Server.Kestrel.Core.Internal.Infrastructure.TransportManager.BindAsync(EndPoint endPoint, ConnectionDelegate connectionDelegate, EndpointConfig endpointConfig, CancellationToken cancellationToken)
   at Microsoft.AspNetCore.Server.Kestrel.Core.KestrelServerImpl.<>c__DisplayClass28_0`1.<<StartAsync>g__OnBind|0>d.MoveNext()
--- End of stack trace from previous location ---
   at Microsoft.AspNetCore.Server.Kestrel.Core.Internal.AddressBinder.BindEndpointAsync(ListenOptions endpoint, AddressBindContext context, CancellationToken cancellationToken)
   --- End of inner exception stack trace ---
   at Microsoft.AspNetCore.Server.Kestrel.Core.Internal.AddressBinder.BindEndpointAsync(ListenOptions endpoint, AddressBindContext context, CancellationToken cancellationToken)
   at Microsoft.AspNetCore.Server.Kestrel.Core.LocalhostListenOptions.BindAsync(AddressBindContext context, CancellationToken cancellationToken)
   at Microsoft.AspNetCore.Server.Kestrel.Core.Internal.AddressBinder.EndpointsStrategy.BindAsync(AddressBindContext context, CancellationToken cancellationToken)
   at Microsoft.AspNetCore.Server.Kestrel.Core.Internal.AddressBinder.BindAsync(ListenOptions[] listenOptions, AddressBindContext context, Func`2 useHttps, CancellationToken cancellationToken)
   at Microsoft.AspNetCore.Server.Kestrel.Core.KestrelServerImpl.BindAsync(CancellationToken cancellationToken)
   at Microsoft.AspNetCore.Server.Kestrel.Core.KestrelServerImpl.StartAsync[TContext](IHttpApplication`1 application, CancellationToken cancellationToken)
   at Microsoft.AspNetCore.Hosting.GenericWebHostService.StartAsync(CancellationToken cancellationToken)
   at Microsoft.Extensions.Hosting.Internal.Host.<StartAsync>b__15_1(IHostedService service, CancellationToken token)
   at Microsoft.Extensions.Hosting.Internal.Host.ForeachService[T](IEnumerable`1 services, CancellationToken token, Boolean concurrent, Boolean abortOnFirstException, List`1 exceptions, Func`3 operation)
2025-02-01 22:01:17 [INF] User profile is available. Using 'C:\Users\user\AppData\Local\ASP.NET\DataProtection-Keys' as key repository and Windows DPAPI to encrypt keys at rest.
2025-02-01 22:01:17 [WRN] Overriding address(es) 'https://localhost:7007'. Binding to endpoints defined via IConfiguration and/or UseKestrel() instead.
2025-02-01 22:01:17 [ERR] Hosting failed to start
System.IO.IOException: Failed to bind to address https://127.0.0.1:7008: address already in use.
 ---> Microsoft.AspNetCore.Connections.AddressInUseException: 一次只能用一個通訊端位址 (通訊協定/網路位址/連接埠)。
 ---> System.Net.Sockets.SocketException (10048): 一次只能用一個通訊端位址 (通訊協定/網路位址/連接埠)。
   at System.Net.Sockets.Socket.UpdateStatusAfterSocketErrorAndThrowException(SocketError error, Boolean disconnectOnFailure, String callerName)
   at System.Net.Sockets.Socket.DoBind(EndPoint endPointSnapshot, SocketAddress socketAddress)
   at System.Net.Sockets.Socket.Bind(EndPoint localEP)
   at Microsoft.AspNetCore.Server.Kestrel.Transport.Sockets.SocketTransportOptions.CreateDefaultBoundListenSocket(EndPoint endpoint)
   at Microsoft.AspNetCore.Server.Kestrel.Transport.Sockets.SocketConnectionListener.Bind()
   --- End of inner exception stack trace ---
   at Microsoft.AspNetCore.Server.Kestrel.Transport.Sockets.SocketConnectionListener.Bind()
   at Microsoft.AspNetCore.Server.Kestrel.Transport.Sockets.SocketTransportFactory.BindAsync(EndPoint endpoint, CancellationToken cancellationToken)
   at Microsoft.AspNetCore.Server.Kestrel.Core.Internal.Infrastructure.TransportManager.BindAsync(EndPoint endPoint, ConnectionDelegate connectionDelegate, EndpointConfig endpointConfig, CancellationToken cancellationToken)
   at Microsoft.AspNetCore.Server.Kestrel.Core.KestrelServerImpl.<>c__DisplayClass28_0`1.<<StartAsync>g__OnBind|0>d.MoveNext()
--- End of stack trace from previous location ---
   at Microsoft.AspNetCore.Server.Kestrel.Core.Internal.AddressBinder.BindEndpointAsync(ListenOptions endpoint, AddressBindContext context, CancellationToken cancellationToken)
   --- End of inner exception stack trace ---
   at Microsoft.AspNetCore.Server.Kestrel.Core.Internal.AddressBinder.BindEndpointAsync(ListenOptions endpoint, AddressBindContext context, CancellationToken cancellationToken)
   at Microsoft.AspNetCore.Server.Kestrel.Core.LocalhostListenOptions.BindAsync(AddressBindContext context, CancellationToken cancellationToken)
   at Microsoft.AspNetCore.Server.Kestrel.Core.Internal.AddressBinder.EndpointsStrategy.BindAsync(AddressBindContext context, CancellationToken cancellationToken)
   at Microsoft.AspNetCore.Server.Kestrel.Core.Internal.AddressBinder.BindAsync(ListenOptions[] listenOptions, AddressBindContext context, Func`2 useHttps, CancellationToken cancellationToken)
   at Microsoft.AspNetCore.Server.Kestrel.Core.KestrelServerImpl.BindAsync(CancellationToken cancellationToken)
   at Microsoft.AspNetCore.Server.Kestrel.Core.KestrelServerImpl.StartAsync[TContext](IHttpApplication`1 application, CancellationToken cancellationToken)
   at Microsoft.AspNetCore.Hosting.GenericWebHostService.StartAsync(CancellationToken cancellationToken)
   at Microsoft.Extensions.Hosting.Internal.Host.<StartAsync>b__15_1(IHostedService service, CancellationToken token)
   at Microsoft.Extensions.Hosting.Internal.Host.ForeachService[T](IEnumerable`1 services, CancellationToken token, Boolean concurrent, Boolean abortOnFirstException, List`1 exceptions, Func`3 operation)
2025-02-01 22:04:30 [INF] User profile is available. Using 'C:\Users\user\AppData\Local\ASP.NET\DataProtection-Keys' as key repository and Windows DPAPI to encrypt keys at rest.
2025-02-01 22:04:30 [WRN] Overriding address(es) 'http://localhost:5000'. Binding to endpoints defined via IConfiguration and/or UseKestrel() instead.
2025-02-01 22:04:30 [INF] Now listening on: https://127.0.0.1:56982
2025-02-01 22:04:30 [INF] Now listening on: http://localhost:5000
2025-02-01 22:04:30 [INF] Now listening on: https://localhost:7008
2025-02-01 22:04:30 [INF] Application started. Press Ctrl+C to shut down.
2025-02-01 22:04:30 [INF] Hosting environment: Development
2025-02-01 22:04:30 [INF] Content root path: C:\Users\user\ProductWebsite
2025-02-01 22:07:04 [INF] Config changed. Stopping the following endpoints: 'https://localhost:7008'
2025-02-01 22:07:04 [INF] Config changed. Starting the following endpoints: 'https://localhost:7007'
2025-02-01 22:07:26 [INF] Request starting HTTP/2 GET https://localhost:7007/api/users/google-login - null null
2025-02-01 22:07:27 [ERR] An unhandled exception has occurred while executing the request.
System.InvalidOperationException: Endpoint UserManagementAPI.Controllers.UsersController.GoogleLogin (ProductWebsite) contains CORS metadata, but a middleware was not found that supports CORS.
Configure your application startup by adding app.UseCors() in the application startup code. If there are calls to app.UseRouting() and app.UseEndpoints(...), the call to app.UseCors() must go between them.
   at Microsoft.AspNetCore.Routing.EndpointMiddleware.ThrowMissingCorsMiddlewareException(Endpoint endpoint)
   at Microsoft.AspNetCore.Routing.EndpointMiddleware.Invoke(HttpContext httpContext)
   at Microsoft.AspNetCore.Authorization.AuthorizationMiddleware.Invoke(HttpContext context)
   at Microsoft.AspNetCore.Authentication.AuthenticationMiddleware.Invoke(HttpContext context)
   at Microsoft.AspNetCore.Session.SessionMiddleware.Invoke(HttpContext context)
   at Microsoft.AspNetCore.Session.SessionMiddleware.Invoke(HttpContext context)
   at Program.<>c.<<<Main>$>b__0_8>d.MoveNext() in C:\Users\user\ProductWebsite\Program.cs:line 185
--- End of stack trace from previous location ---
   at Microsoft.AspNetCore.Diagnostics.DeveloperExceptionPageMiddlewareImpl.Invoke(HttpContext context)
2025-02-01 22:07:27 [INF] Request finished HTTP/2 GET https://localhost:7007/api/users/google-login - 500 null text/html; charset=utf-8 187.8235ms
2025-02-01 22:07:27 [INF] Request starting HTTP/2 GET https://localhost:7007/favicon.ico - null null
2025-02-01 22:07:27 [INF] Incoming request: GET /favicon.ico
2025-02-01 22:07:27 [INF] Request finished HTTP/2 GET https://localhost:7007/favicon.ico - 404 0 null 14.2113ms
2025-02-01 22:07:27 [INF] Request reached the end of the middleware pipeline without being handled by application code. Request path: GET https://localhost:7007/favicon.ico, Response status code: 404
2025-02-01 22:11:08 [INF] Application is shutting down...
2025-02-01 22:11:12 [INF] User profile is available. Using 'C:\Users\user\AppData\Local\ASP.NET\DataProtection-Keys' as key repository and Windows DPAPI to encrypt keys at rest.
2025-02-01 22:11:13 [WRN] Overriding address(es) 'http://localhost:5000'. Binding to endpoints defined via IConfiguration and/or UseKestrel() instead.
2025-02-01 22:11:13 [INF] Now listening on: https://127.0.0.1:57094
2025-02-01 22:11:13 [INF] Now listening on: http://localhost:5000
2025-02-01 22:11:13 [INF] Now listening on: https://localhost:7007
2025-02-01 22:11:13 [INF] Application started. Press Ctrl+C to shut down.
2025-02-01 22:11:13 [INF] Hosting environment: Development
2025-02-01 22:11:13 [INF] Content root path: C:\Users\user\ProductWebsite
2025-02-01 22:15:37 [INF] Application is shutting down...
2025-02-01 22:15:42 [INF] User profile is available. Using 'C:\Users\user\AppData\Local\ASP.NET\DataProtection-Keys' as key repository and Windows DPAPI to encrypt keys at rest.
2025-02-01 22:15:42 [WRN] Overriding address(es) 'http://localhost:5000'. Binding to endpoints defined via IConfiguration and/or UseKestrel() instead.
2025-02-01 22:15:42 [INF] Now listening on: https://127.0.0.1:57264
2025-02-01 22:15:42 [INF] Now listening on: http://localhost:5000
2025-02-01 22:15:42 [INF] Now listening on: https://localhost:7007
2025-02-01 22:15:42 [INF] Application started. Press Ctrl+C to shut down.
2025-02-01 22:15:42 [INF] Hosting environment: Development
2025-02-01 22:15:42 [INF] Content root path: C:\Users\user\ProductWebsite
2025-02-01 22:17:26 [INF] Application is shutting down...
2025-02-01 22:17:31 [INF] User profile is available. Using 'C:\Users\user\AppData\Local\ASP.NET\DataProtection-Keys' as key repository and Windows DPAPI to encrypt keys at rest.
2025-02-01 22:17:31 [WRN] Overriding address(es) 'http://localhost:5000'. Binding to endpoints defined via IConfiguration and/or UseKestrel() instead.
2025-02-01 22:17:31 [INF] Now listening on: https://127.0.0.1:57369
2025-02-01 22:17:31 [INF] Now listening on: http://localhost:5000
2025-02-01 22:17:31 [INF] Now listening on: https://localhost:7007
2025-02-01 22:17:31 [INF] Application started. Press Ctrl+C to shut down.
2025-02-01 22:17:31 [INF] Hosting environment: Development
2025-02-01 22:17:31 [INF] Content root path: C:\Users\user\ProductWebsite
2025-02-01 22:36:55 [INF] Application is shutting down...
2025-02-01 22:37:07 [INF] User profile is available. Using 'C:\Users\user\AppData\Local\ASP.NET\DataProtection-Keys' as key repository and Windows DPAPI to encrypt keys at rest.
2025-02-01 22:37:07 [WRN] The WebRootPath was not found: C:\Users\user\ProductWebsite\wwwroot. Static files may be unavailable.
2025-02-01 22:37:07 [WRN] Overriding address(es) 'http://localhost:5000'. Binding to endpoints defined via IConfiguration and/or UseKestrel() instead.
2025-02-01 22:37:07 [INF] Now listening on: https://127.0.0.1:58595
2025-02-01 22:37:07 [INF] Now listening on: http://localhost:5000
2025-02-01 22:37:07 [INF] Now listening on: https://localhost:7007
2025-02-01 22:37:07 [INF] Application started. Press Ctrl+C to shut down.
2025-02-01 22:37:07 [INF] Hosting environment: Development
2025-02-01 22:37:07 [INF] Content root path: C:\Users\user\ProductWebsite
2025-02-01 22:40:19 [INF] Application is shutting down...
2025-02-01 22:40:23 [INF] User profile is available. Using 'C:\Users\user\AppData\Local\ASP.NET\DataProtection-Keys' as key repository and Windows DPAPI to encrypt keys at rest.
2025-02-01 22:40:23 [WRN] The WebRootPath was not found: C:\Users\user\ProductWebsite\wwwroot. Static files may be unavailable.
2025-02-01 22:40:23 [WRN] Overriding address(es) 'http://localhost:5000'. Binding to endpoints defined via IConfiguration and/or UseKestrel() instead.
2025-02-01 22:40:23 [INF] Now listening on: https://127.0.0.1:58809
2025-02-01 22:40:23 [INF] Now listening on: http://localhost:5000
2025-02-01 22:40:23 [INF] Now listening on: https://localhost:7007
2025-02-01 22:40:23 [INF] Application started. Press Ctrl+C to shut down.
2025-02-01 22:40:23 [INF] Hosting environment: Development
2025-02-01 22:40:23 [INF] Content root path: C:\Users\user\ProductWebsite
2025-02-01 23:15:31 [INF] Request starting HTTP/2 GET https://localhost:7007/api/users/google-login - null null
2025-02-01 23:15:31 [INF] Executing endpoint 'UserManagementAPI.Controllers.UsersController.GoogleLogin (ProductWebsite)'
2025-02-01 23:15:31 [INF] Route matched with {action = "GoogleLogin", controller = "Users"}. Executing controller action with signature Microsoft.AspNetCore.Mvc.IActionResult GoogleLogin() on controller UserManagementAPI.Controllers.UsersController (ProductWebsite).
2025-02-01 23:15:31 [INF] Executing ChallengeResult with authentication schemes (["Google"]).
2025-02-01 23:15:31 [INF] AuthenticationScheme: Google was challenged.
2025-02-01 23:15:31 [INF] Executed action UserManagementAPI.Controllers.UsersController.GoogleLogin (ProductWebsite) in 251.7698ms
2025-02-01 23:15:31 [INF] Executed endpoint 'UserManagementAPI.Controllers.UsersController.GoogleLogin (ProductWebsite)'
2025-02-01 23:15:31 [INF] Request finished HTTP/2 GET https://localhost:7007/api/users/google-login - 302 0 null 453.9499ms
2025-02-01 23:15:35 [INF] Request starting HTTP/2 GET https://localhost:7007/api/users/google-callback?state=CfDJ8KiRbv1EUNdKojt2PlA3I_rxS2OAEkPEOuJJCqtfwogpnCkXfZM4dLPn1wO9eiIA5_Jhv88yG_06pz__JUVGYnwbopcfQm4El9F77Y2qCLMHe9TsQMdWTPzOpnFbKNymqccZkDSkIZGTXTDzw2ACpqMRAG-fDcgT6sxf5aFToZIsAg4bHDWez6RAwoZJAklGSE7zpqdeqse9YReasoFXKg0w1wVYhqXvS1i8D4LodH2CwnTngb4-7tbQvVo-CxV5StBxRqOjnmOdSPJygHlQyiis7cNCamC69eMl9_6dbhPULDUPOJSZZzeiQwBtetSoYk6o1ZKUYeALMq4NKk_Q0MaSgzAh85pfm5A72VisRogL&code=4%2F0ASVgi3IO5BF6gETvMTmLQPJIuVTwUjiDAYdt_jHdj7j4chq4CqhncBeiASViPF7YeRUt0g&scope=email+profile+openid+https%3A%2F%2Fwww.googleapis.com%2Fauth%2Fuserinfo.email+https%3A%2F%2Fwww.googleapis.com%2Fauth%2Fuserinfo.profile&authuser=1&prompt=none - null null
2025-02-01 23:15:39 [INF] AuthenticationScheme: Cookies signed in.
2025-02-01 23:15:39 [INF] Request finished HTTP/2 GET https://localhost:7007/api/users/google-callback?state=CfDJ8KiRbv1EUNdKojt2PlA3I_rxS2OAEkPEOuJJCqtfwogpnCkXfZM4dLPn1wO9eiIA5_Jhv88yG_06pz__JUVGYnwbopcfQm4El9F77Y2qCLMHe9TsQMdWTPzOpnFbKNymqccZkDSkIZGTXTDzw2ACpqMRAG-fDcgT6sxf5aFToZIsAg4bHDWez6RAwoZJAklGSE7zpqdeqse9YReasoFXKg0w1wVYhqXvS1i8D4LodH2CwnTngb4-7tbQvVo-CxV5StBxRqOjnmOdSPJygHlQyiis7cNCamC69eMl9_6dbhPULDUPOJSZZzeiQwBtetSoYk6o1ZKUYeALMq4NKk_Q0MaSgzAh85pfm5A72VisRogL&code=4%2F0ASVgi3IO5BF6gETvMTmLQPJIuVTwUjiDAYdt_jHdj7j4chq4CqhncBeiASViPF7YeRUt0g&scope=email+profile+openid+https%3A%2F%2Fwww.googleapis.com%2Fauth%2Fuserinfo.email+https%3A%2F%2Fwww.googleapis.com%2Fauth%2Fuserinfo.profile&authuser=1&prompt=none - 302 0 null 3802.7356ms
2025-02-01 23:15:39 [INF] Request starting HTTP/2 GET https://localhost:7007/api/users/google-callback - null null
2025-02-01 23:15:39 [INF] Error from RemoteAuthentication: The oauth state was missing or invalid..
2025-02-01 23:15:39 [INF] Request finished HTTP/2 GET https://localhost:7007/api/users/google-callback - 302 0 null 20.6853ms
